{"level":"error","message":"secretOrPrivateKey must have a value"}
{"level":"error","message":"Token is not valid"}
{"level":"error","message":"Token is not valid"}
{"level":"error","message":"Token is not valid"}
{"level":"error","message":"Token is not valid"}
{"level":"error","message":"Not allowed by CORS"}
{"level":"error","message":"Not allowed by CORS"}
{"level":"error","message":"No se ha podido acceder a /api/productos en el servidor"}
{"level":"error","message":"No se ha podido acceder a /favicon.ico en el servidor"}
{"level":"error","message":"Not allowed by CORS"}
{"level":"error","message":"Not allowed by CORS"}
{"level":"error","message":"Not allowed by CORS"}
{"level":"error","message":"Not allowed by CORS"}
{"level":"error","message":"Not allowed by CORS"}
{"level":"error","message":"Not allowed by CORS"}
{"level":"error","message":"No se ha podido acceder a /api/productos en el servidor"}
{"level":"error","message":"No se ha podido acceder a /api/productos en el servidor"}
{"level":"error","message":"No se ha podido acceder a /api/productos en el servidor"}
{"level":"error","message":"No se ha podido acceder a /api/productos en el servidor"}
{"level":"error","message":"No se ha podido acceder a /api/productos en el servidor"}
{"level":"error","message":"No se ha podido acceder a /api/productos en el servidor"}
{"level":"error","message":"No se ha podido acceder a /api/productos en el servidor"}
{"level":"error","message":"No se ha podido acceder a /api/productos en el servidor"}
{"level":"error","message":"No se ha podido acceder a /api/productos en el servidor"}
{"level":"error","message":"No se ha podido acceder a /api/productos en el servidor"}
{"level":"error","message":"No se ha podido acceder a /api/productos en el servidor"}
{"level":"error","message":"No se ha podido acceder a /api/productos en el servidor"}
{"level":"error","message":"No se ha podido acceder a /api/productos en el servidor"}
{"level":"error","message":"No se ha podido acceder a /api/productos en el servidor"}
{"level":"error","message":"No se ha podido acceder a /favicon.ico en el servidor"}
{"level":"error","message":"No se ha podido acceder a /api/productos en el servidor"}
{"level":"error","message":"No se ha podido acceder a /api/productos en el servidor"}
{"level":"error","message":"No se ha podido acceder a /api/productos en el servidor"}
{"level":"error","message":"No se ha podido acceder a /api/productos en el servidor"}
{"level":"error","message":"No se ha podido acceder a /api/productos en el servidor"}
{"level":"error","message":"No se ha podido acceder a /api/productos en el servidor"}
{"level":"error","message":"No se ha podido acceder a /api/productos en el servidor"}
{"level":"error","message":"No se ha podido acceder a /api/productos en el servidor"}
{"level":"error","message":"Error al eliminar el producto"}
{"level":"error","message":"Error al eliminar el producto"}
{"level":"error","message":"Error al eliminar el producto"}
{"level":"error","message":"No se ha podido acceder a /api/productos/filtro/g en el servidor"}
{"level":"error","message":"No se ha podido acceder a /api/productos/filtro/ga en el servidor"}
{"level":"error","message":"No se ha podido acceder a /api/productos/filtro/g en el servidor"}
{"level":"error","message":"No se ha podido acceder a /api/productos/filtro/p en el servidor"}
{"level":"error","message":"No se ha podido acceder a /api/productos/filtro/pe en el servidor"}
{"level":"error","message":"No se ha podido acceder a /api/productos/filtro/p en el servidor"}
{"level":"error","message":"No se ha podido acceder a /api/productos/filtro/G en el servidor"}
{"level":"error","message":"No se ha podido acceder a /api/productos/filtro/Ga en el servidor"}
{"level":"error","message":"No se ha podido acceder a /api/productos/filtro/G en el servidor"}
{"level":"error","message":"No se ha podido acceder a /api/productos68e47b57e15284a45a5be0e4 en el servidor"}
{"level":"error","message":"No se ha podido acceder a /api/productos68e47b57e15284a45a5be0e4 en el servidor"}
{"level":"error","message":"No se ha podido acceder a /api/productos68e47b57e15284a45a5be0e4 en el servidor"}
{"level":"error","message":"No se ha podido acceder a /api/productos68e47b57e15284a45a5be0e4 en el servidor"}
{"level":"error","message":"No se ha podido acceder a /api/productos68e47b57e15284a45a5be0e4 en el servidor"}
{"level":"error","message":"No se ha podido acceder a /api/productos68e47b57e15284a45a5be0e6 en el servidor"}
{"level":"error","message":"No se ha podido acceder a /api/productos68e47b57e15284a45a5be0e6 en el servidor"}
{"level":"error","message":"No se ha podido acceder a /api/productos68e47b57e15284a45a5be0e6 en el servidor"}
{"level":"error","message":"No se ha podido acceder a /api/productos68e47b57e15284a45a5be0e6 en el servidor"}
{"level":"error","message":"No se ha podido acceder a /api/productos68e47b57e15284a45a5be0e6 en el servidor"}
{"level":"error","message":"No se ha podido acceder a /api/productos68e47b57e15284a45a5be0e6 en el servidor"}
{"level":"error","message":"No se ha podido acceder a /api/productos68e47b57e15284a45a5be0e6 en el servidor"}
{"level":"error","message":"No se ha podido acceder a /api/productos68e47b57e15284a45a5be0e6 en el servidor"}
{"level":"error","message":"No se ha podido acceder a /api/productos/filtro/j en el servidor"}
{"level":"error","message":"No se ha podido acceder a /api/productos/filtro/g en el servidor"}
{"level":"error","message":"No se ha podido acceder a /api/productos/filtro/ga en el servidor"}
{"level":"error","message":"No se ha podido acceder a /api/productos/filtro/g en el servidor"}
{"level":"error","message":"No se ha podido acceder a /api/productos/filtro/g en el servidor"}
{"level":"error","message":"No se ha podido acceder a /api/productos/filtro/ga en el servidor"}
{"level":"error","message":"No se ha podido acceder a /api/productos/filtro/g en el servidor"}
{"level":"error","message":"No se ha podido acceder a /api/productos/filtro/g en el servidor"}
{"level":"error","message":"No se ha podido acceder a /api/productos/filtro/ga en el servidor"}
{"level":"error","message":"No se ha podido acceder a /api/productos/filtro/g en el servidor"}
{"level":"error","message":"No se ha podido acceder a /api/productos/filtro/d en el servidor"}
{"level":"error","message":"No se ha podido acceder a /api/productos/filtro/k en el servidor"}
{"level":"error","message":"No se ha podido acceder a /api/productos/filtro/k en el servidor"}
{"level":"error","message":"No se ha podido acceder a /api/productos/filtro/k en el servidor"}
{"level":"error","message":"No se ha podido acceder a /api/productos/filtro/h en el servidor"}
{"level":"error","message":"No se ha podido acceder a /api/productos/filtro/g en el servidor"}
{"level":"error","message":"No se ha podido acceder a /api/productos/filtro/ga en el servidor"}
{"level":"error","message":"Error al eliminar el producto"}
{"level":"error","message":"Error al eliminar el producto"}
{"level":"error","message":"Error al eliminar el producto"}
{"level":"error","message":"No se ha podido acceder a /favicon.ico en el servidor"}
{"level":"error","message":"Error al eliminar el producto"}
{"level":"error","message":"Error al eliminar el producto"}
{"level":"error","message":"Error al eliminar el producto"}
{"level":"error","message":"Error al eliminar el producto"}
{"level":"error","message":"Error al eliminar el producto"}
{"level":"error","message":"Error al eliminar el producto"}
{"level":"error","message":"Error al eliminar el producto"}
{"level":"error","message":"Error al eliminar el productoTypeError: ProductoDAO.eliminarProducto is not a function"}
